<?xml version="1.0" encoding="UTF-8"?>
<testng-results ignored="0" total="1" passed="1" failed="0" skipped="0">
  <reporter-output>
  </reporter-output>
  <suite started-at="2023-04-19T13:01:19 IST" name="Default suite" finished-at="2023-04-19T13:01:20 IST" duration-ms="47">
    <groups>
    </groups>
    <test started-at="2023-04-19T13:01:19 IST" name="Default test" finished-at="2023-04-19T13:01:20 IST" duration-ms="47">
      <class name="PizzaShop.SampleTest01">
        <test-method signature="test001()[pri:0, instance:PizzaShop.SampleTest01@543588e6]" started-at="2023-04-19T13:01:20 IST" name="test001" finished-at="2023-04-19T13:01:20 IST" duration-ms="12" status="PASS">
          <reporter-output>
          </reporter-output>
        </test-method> <!-- test001 -->
      </class> <!-- PizzaShop.SampleTest01 -->
    </test> <!-- Default test -->
  </suite> <!-- Default suite -->
</testng-results>
